<?xml version="1.0" encoding="UTF-8"?>
<!-- Generated by org.testng.reporters.JUnitXMLReporter -->
<testsuite ignored="1" hostname="raghava" failures="0" tests="1" name="OpencartTest" time="13.235" errors="0" timestamp="2023-12-27T15:24:35 IST">
  <testcase classname="testCases.TC_002_LoginTest" name="test_login" time="3.075"/>
  <testcase classname="testCases.TC_001_AccountRegistrationTest" name="test_account_Registration" time="0.0">
    <ignored/>
  </testcase> <!-- test_account_Registration -->
</testsuite> <!-- OpencartTest -->
